[debug] [2021-04-12T06:21:11.588Z] ----------------------------------------------------------------------
[debug] [2021-04-12T06:21:11.590Z] Command:       C:\Program Files\nodejs\node.exe C:\Users\Rahat\AppData\Roaming\npm\node_modules\firebase-tools\lib\bin\firebase.js init
[debug] [2021-04-12T06:21:11.590Z] CLI Version:   9.8.0
[debug] [2021-04-12T06:21:11.591Z] Platform:      win32
[debug] [2021-04-12T06:21:11.591Z] Node Version:  v14.16.0
[debug] [2021-04-12T06:21:11.591Z] Time:          Mon Apr 12 2021 12:21:11 GMT+0600 (Bangladesh Standard Time)
[debug] [2021-04-12T06:21:11.591Z] ----------------------------------------------------------------------
[debug] 
[debug] [2021-04-12T06:21:11.593Z] >>> [apiv2][query] GET https://firebase-public.firebaseio.com/cli.json [none]
[debug] [2021-04-12T06:21:11.610Z] > command requires scopes: ["email","openid","https://www.googleapis.com/auth/cloudplatformprojects.readonly","https://www.googleapis.com/auth/firebase","https://www.googleapis.com/auth/cloud-platform"]
[debug] [2021-04-12T06:21:11.611Z] > authorizing via signed-in user
[info] 
     ######## #### ########  ######## ########     ###     ######  ########
     ##        ##  ##     ## ##       ##     ##  ##   ##  ##       ##
     ######    ##  ########  ######   ########  #########  ######  ######
     ##        ##  ##    ##  ##       ##     ## ##     ##       ## ##
     ##       #### ##     ## ######## ########  ##     ##  ######  ########

You're about to initialize a Firebase project in this directory:

  F:\webcode\My Course with jhankar mahbub\51th module\doctor-portal

[debug] [2021-04-12T06:21:12.771Z] <<< [apiv2][status] GET https://firebase-public.firebaseio.com/cli.json 200
[debug] [2021-04-12T06:21:12.771Z] <<< [apiv2][body] GET https://firebase-public.firebaseio.com/cli.json {"cloudBuildErrorAfter":1594252800000,"cloudBuildWarnAfter":1590019200000,"defaultNode10After":1594252800000,"minVersion":"3.0.5","node8DeploysDisabledAfter":1613390400000,"node8RuntimeDisabledAfter":1615809600000,"node8WarnAfter":1600128000000}
